#
# There is insufficient memory for the Java Runtime Environment to continue.
# Native memory allocation (mmap) failed to map 20971520000 bytes for Failed to commit area from 0x000000031e000000 to 0x0000000800000000 of length 20971520000.
# Possible reasons:
#   The system is out of physical RAM or swap space
#   The process is running with CompressedOops enabled, and the Java Heap may be blocking the growth of the native heap
# Possible solutions:
#   Reduce memory load on the system
#   Increase physical memory or swap space
#   Check if swap backing store is full
#   Decrease Java heap size (-Xmx/-Xms)
#   Decrease number of Java threads
#   Decrease Java thread stack sizes (-Xss)
#   Set larger code cache with -XX:ReservedCodeCacheSize=
#   JVM is running with Zero Based Compressed Oops mode in which the Java heap is
#     placed in the first 32GB address space. The Java Heap base address is the
#     maximum limit for the native heap growth. Please use -XX:HeapBaseMinAddress
#     to set the Java Heap base and to place the Java Heap above 32GB virtual address.
# This output file may be truncated or incomplete.
#
#  Out of Memory Error (./open/src/hotspot/os/windows/os_windows.cpp:3315), pid=3228, tid=11028
#
# JRE version:  (14.0.1+7) (build )
# Java VM: OpenJDK 64-Bit Server VM (14.0.1+7, mixed mode, sharing, tiered, compressed oops, g1 gc, windows-amd64)
# No core dump will be written. Minidumps are not enabled by default on client versions of Windows
#

---------------  S U M M A R Y ------------

Command Line: -Xms20000m -javaagent:C:\Program Files\JetBrains\IntelliJ IDEA 2020.1.2\lib\idea_rt.jar=64787:C:\Program Files\JetBrains\IntelliJ IDEA 2020.1.2\bin -Dfile.encoding=UTF-8 ru.progwards.java2.lessons.testArea.Test

Host: AMD Ryzen 5 3500U with Radeon Vega Mobile Gfx  , 8 cores, 6G,  Windows 10 , 64 bit Build 19041 (10.0.19041.928)
Time: Wed Jun  2 20:49:55 2021 RTZ 2 (зима) elapsed time: 0 seconds (0d 0h 0m 0s)

---------------  T H R E A D  ---------------

Current thread (0x000001c68704a000):  JavaThread "Unknown thread" [_thread_in_vm, id=11028, stack(0x0000000a0f300000,0x0000000a0f400000)]

Stack: [0x0000000a0f300000,0x0000000a0f400000]
Native frames: (J=compiled Java code, j=interpreted, Vv=VM code, C=native code)
V  [jvm.dll+0x5f840a]
V  [jvm.dll+0x741e4a]
V  [jvm.dll+0x7435ff]
V  [jvm.dll+0x743c43]
V  [jvm.dll+0x20d288]
V  [jvm.dll+0x5f57ba]
V  [jvm.dll+0x5ea615]
V  [jvm.dll+0x2c7e9c]
V  [jvm.dll+0x2c7cd2]
V  [jvm.dll+0x2cdbbc]
V  [jvm.dll+0x313ff8]
V  [jvm.dll+0x313720]
V  [jvm.dll+0x2a092a]
V  [jvm.dll+0x2a1a79]
V  [jvm.dll+0x71f718]
V  [jvm.dll+0x321c44]
V  [jvm.dll+0x700b0c]
V  [jvm.dll+0x392dff]
V  [jvm.dll+0x394e71]
C  [jli.dll+0x523b]
C  [ucrtbase.dll+0x21bb2]
C  [KERNEL32.DLL+0x17034]
C  [ntdll.dll+0x52651]


---------------  P R O C E S S  ---------------

Threads class SMR info:
_java_thread_list=0x00007ffbd4c23078, length=0, elements={
}

Java Threads: ( => current thread )

Other Threads:
  0x000001c687126000 GCTaskThread "GC Thread#0" [stack: 0x0000000a0f400000,0x0000000a0f500000] [id=8532]
  0x000001c6cd15f000 ConcurrentGCThread "G1 Main Marker" [stack: 0x0000000a0f500000,0x0000000a0f600000] [id=9304]
  0x000001c68712c800 ConcurrentGCThread "G1 Conc#0" [stack: 0x0000000a0f600000,0x0000000a0f700000] [id=3552]

[error occurred during error reporting (printing all threads), id 0xc0000005, EXCEPTION_ACCESS_VIOLATION (0xc0000005) at pc=0x00007ffbd4451257]

VM state:not at safepoint (not fully initialized)

VM Mutex/Monitor currently owned by a thread:  ([mutex/lock_event])
[0x000001c687045410] Heap_lock - owner thread: 0x000001c68704a000

Heap address: 0x000000031e000000, size: 20000 MB, Compressed Oops mode: Zero based, Oop shift amount: 3
Narrow klass base: 0x0000000000000000, Narrow klass shift: 0

GC Heap History (0 events):
No events

Deoptimization events (0 events):
No events

Classes unloaded (0 events):
No events

Classes redefined (0 events):
No events

Internal exceptions (0 events):
No events

Events (2 events):
Event: 0.009 Loaded shared library C:\Users\vasal\.jdks\openjdk-14.0.1\bin\java.dll
Event: 0.010 Loaded shared library C:\Users\vasal\.jdks\openjdk-14.0.1\bin\zip.dll


Dynamic libraries:
0x00007ff69a4a0000 - 0x00007ff69a4ad000 	C:\Users\vasal\.jdks\openjdk-14.0.1\bin\java.exe
0x00007ffc26850000 - 0x00007ffc26a45000 	C:\WINDOWS\SYSTEM32\ntdll.dll
0x00007ffc25df0000 - 0x00007ffc25ead000 	C:\WINDOWS\System32\KERNEL32.DLL
0x00007ffc242b0000 - 0x00007ffc24578000 	C:\WINDOWS\System32\KERNELBASE.dll
0x00007ffc24070000 - 0x00007ffc24170000 	C:\WINDOWS\System32\ucrtbase.dll
0x00007ffc0bee0000 - 0x00007ffc0bef8000 	C:\Users\vasal\.jdks\openjdk-14.0.1\bin\jli.dll
0x00007ffc11180000 - 0x00007ffc11195000 	C:\Users\vasal\.jdks\openjdk-14.0.1\bin\VCRUNTIME140.dll
0x00007ffc26350000 - 0x00007ffc264f0000 	C:\WINDOWS\System32\USER32.dll
0x00007ffc23f90000 - 0x00007ffc23fb2000 	C:\WINDOWS\System32\win32u.dll
0x00007ffc16050000 - 0x00007ffc162ea000 	C:\WINDOWS\WinSxS\amd64_microsoft.windows.common-controls_6595b64144ccf1df_6.0.19041.844_none_ca00b6081b84eb1d\COMCTL32.dll
0x00007ffc26320000 - 0x00007ffc2634a000 	C:\WINDOWS\System32\GDI32.dll
0x00007ffc25ca0000 - 0x00007ffc25d3e000 	C:\WINDOWS\System32\msvcrt.dll
0x00007ffc24170000 - 0x00007ffc2427b000 	C:\WINDOWS\System32\gdi32full.dll
0x00007ffc24600000 - 0x00007ffc2469d000 	C:\WINDOWS\System32\msvcp_win.dll
0x00007ffc256c0000 - 0x00007ffc256f0000 	C:\WINDOWS\System32\IMM32.DLL
0x00007ffc08dc0000 - 0x00007ffc08e5b000 	C:\Users\vasal\.jdks\openjdk-14.0.1\bin\msvcp140.dll
0x00007ffbd41a0000 - 0x00007ffbd4cbe000 	C:\Users\vasal\.jdks\openjdk-14.0.1\bin\server\jvm.dll
0x00007ffc265d0000 - 0x00007ffc2667c000 	C:\WINDOWS\System32\ADVAPI32.dll
0x00007ffc256f0000 - 0x00007ffc2578b000 	C:\WINDOWS\System32\sechost.dll
0x00007ffc254e0000 - 0x00007ffc2560b000 	C:\WINDOWS\System32\RPCRT4.dll
0x00007ffc26310000 - 0x00007ffc26318000 	C:\WINDOWS\System32\PSAPI.DLL
0x00007ffc19760000 - 0x00007ffc19787000 	C:\WINDOWS\SYSTEM32\WINMM.dll
0x00007ffc0b790000 - 0x00007ffc0b799000 	C:\WINDOWS\SYSTEM32\WSOCK32.dll
0x00007ffc19790000 - 0x00007ffc1979a000 	C:\WINDOWS\SYSTEM32\VERSION.dll
0x00007ffc26290000 - 0x00007ffc262fb000 	C:\WINDOWS\System32\WS2_32.dll
0x00007ffc228b0000 - 0x00007ffc228c2000 	C:\WINDOWS\SYSTEM32\kernel.appcore.dll
0x00007ffc13ad0000 - 0x00007ffc13ada000 	C:\Users\vasal\.jdks\openjdk-14.0.1\bin\jimage.dll
0x00007ffc21920000 - 0x00007ffc21b04000 	C:\WINDOWS\SYSTEM32\DBGHELP.DLL
0x00007ffc19b20000 - 0x00007ffc19b4c000 	C:\WINDOWS\SYSTEM32\dbgcore.DLL
0x00007ffc24580000 - 0x00007ffc24600000 	C:\WINDOWS\System32\bcryptPrimitives.dll
0x00007ffc11170000 - 0x00007ffc1117e000 	C:\Users\vasal\.jdks\openjdk-14.0.1\bin\instrument.dll
0x00007ffc08ea0000 - 0x00007ffc08ec5000 	C:\Users\vasal\.jdks\openjdk-14.0.1\bin\java.dll
0x00007ffc09050000 - 0x00007ffc09066000 	C:\Users\vasal\.jdks\openjdk-14.0.1\bin\zip.dll

dbghelp: loaded successfully - version: 4.0.5 - missing functions: none
symbol engine: initialized successfully - sym options: 0x614 - pdb path: .;C:\Users\vasal\.jdks\openjdk-14.0.1\bin;C:\WINDOWS\SYSTEM32;C:\WINDOWS\WinSxS\amd64_microsoft.windows.common-controls_6595b64144ccf1df_6.0.19041.844_none_ca00b6081b84eb1d;C:\Users\vasal\.jdks\openjdk-14.0.1\bin\server

VM Arguments:
jvm_args: -Xms20000m -javaagent:C:\Program Files\JetBrains\IntelliJ IDEA 2020.1.2\lib\idea_rt.jar=64787:C:\Program Files\JetBrains\IntelliJ IDEA 2020.1.2\bin -Dfile.encoding=UTF-8 
java_command: ru.progwards.java2.lessons.testArea.Test
java_class_path (initial): D:\progwards\java2\out\production\java2;C:\Users\vasal\.m2\repository\junit\junit\4.12\junit-4.12.jar;C:\Users\vasal\.m2\repository\org\hamcrest\hamcrest-core\1.3\hamcrest-core-1.3.jar;D:\progwards\java2\src\ru\progwards\java1\lessons\telegram_bot\Телеграмм-бот 1.0\progwardsbot.1.0.jar;D:\progwards\java2\src\ru\progwards\java1\lessons\telegram_bot\Телеграмм-бот 1.0\telegrambots-4.4.0-jar-with-dependencies.jar;D:\progwards\java2\src\ru\progwards\java1\SeaBattle\vasalekmas\seabattle.1.0.jar;D:\progwards\java2\lib\javax.transaction.jar;D:\progwards\java2\lib\javax.jms.jar;D:\progwards\java2\lib\javax.servlet.jsp.jstl.jar;D:\progwards\java2\lib\javax.resource.jar;D:\progwards\java2\lib\javax.servlet.jsp.jar;D:\progwards\java2\lib\javax.servlet.jar;D:\progwards\java2\lib\javax.persistence.jar;D:\progwards\java2\lib\javax.ejb.jar
Launcher Type: SUN_STANDARD

[Global flags]
     intx CICompilerCount                          = 4                                         {product} {ergonomic}
     uint ConcGCThreads                            = 2                                         {product} {ergonomic}
     uint G1ConcRefinementThreads                  = 8                                         {product} {ergonomic}
   size_t G1HeapRegionSize                         = 8388608                                   {product} {ergonomic}
    uintx GCDrainStackTargetSize                   = 64                                        {product} {ergonomic}
   size_t InitialHeapSize                          = 20971520000                               {product} {command line}
   size_t MarkStackSize                            = 4194304                                   {product} {ergonomic}
   size_t MaxHeapSize                              = 20971520000                               {product} {ergonomic}
   size_t MinHeapDeltaBytes                        = 8388608                                   {product} {ergonomic}
   size_t MinHeapSize                              = 20971520000                               {product} {command line}
    uintx NonNMethodCodeHeapSize                   = 5839372                                {pd product} {ergonomic}
    uintx NonProfiledCodeHeapSize                  = 122909434                              {pd product} {ergonomic}
    uintx ProfiledCodeHeapSize                     = 122909434                              {pd product} {ergonomic}
    uintx ReservedCodeCacheSize                    = 251658240                              {pd product} {ergonomic}
     bool SegmentedCodeCache                       = true                                      {product} {ergonomic}
   size_t SoftMaxHeapSize                          = 20971520000                            {manageable} {ergonomic}
     bool UseCompressedClassPointers               = true                                 {lp64_product} {ergonomic}
     bool UseCompressedOops                        = true                                 {lp64_product} {ergonomic}
     bool UseG1GC                                  = true                                      {product} {ergonomic}
     bool UseLargePagesIndividualAllocation        = false                                  {pd product} {ergonomic}

Logging:
Log output configuration:
 #0: stdout all=warning uptime,level,tags
 #1: stderr all=off uptime,level,tags

Environment Variables:
JAVA_HOME=C:\Program Files\Java\jdk-14.0.1
PATH=C:\Program Files (x86)\Common Files\Oracle\Java\javapath;C:\Windows\system32;C:\Windows;C:\Windows\System32\Wbem;C:\Windows\System32\WindowsPowerShell\v1.0\;C:\Windows\System32\OpenSSH\;C:\Program Files\Git\cmd;C:\Program Files\Java\jdk-14.0.1\bin;C:\Program Files\nodejs\;C:\Program Files (x86)\NVIDIA Corporation\PhysX\Common;C:\WINDOWS\system32;C:\WINDOWS;C:\WINDOWS\System32\Wbem;C:\WINDOWS\System32\WindowsPowerShell\v1.0\;C:\WINDOWS\System32\OpenSSH\;C:\Users\vasal\AppData\Local\Microsoft\WindowsApps;C:\Program Files\apache-ant-1.10.8\bin;C:\Program Files\apache-maven-3.6.3\bin;;C:\Users\vasal\AppData\Local\Programs\Microsoft VS Code\bin;C:\Users\vasal\AppData\Roaming\npm
USERNAME=vasal
OS=Windows_NT
PROCESSOR_IDENTIFIER=AMD64 Family 23 Model 24 Stepping 1, AuthenticAMD



---------------  S Y S T E M  ---------------

OS: Windows 10 , 64 bit Build 19041 (10.0.19041.928)
OS uptime: 0 days 20:24 hours

CPU:total 8 (initial active 8) (8 cores per cpu, 2 threads per core) family 23 model 24 stepping 1, cmov, cx8, fxsr, mmx, sse, sse2, sse3, ssse3, sse4.1, sse4.2, popcnt, avx, avx2, aes, clmul, mmxext, 3dnowpref, lzcnt, sse4a, ht, tsc, tscinvbit, tscinv, bmi1, bmi2, adx, sha, fma

Memory: 4k page, system-wide physical 7103M (1840M free)
TotalPageFile size 12043M (AvailPageFile size 2293M)
current process WorkingSet (physical memory assigned to process): 10M, peak: 10M
current process commit charge ("private bytes"): 61M, peak: 20060M

vm_info: OpenJDK 64-Bit Server VM (14.0.1+7) for windows-amd64 JRE (14.0.1+7), built on Mar  5 2020 10:30:04 by "mach5one" with MS VC++ 15.9 (VS2017)

END.
